<?xml version="1.0" encoding="UTF-8"?>
<!-- Generated by org.testng.reporters.JUnitReportReporter -->
<testsuite hostname="MT-5CD1277850" failures="0" tests="10" name="com.mindtree.runner.Runner" time="184.670" errors="0" timestamp="2022-07-29T00:18:34 IST" skipped="0">
  <testcase classname="com.mindtree.runner.Runner" name="test1" time="20.379"/>
  <system-out/>
  <testcase classname="com.mindtree.runner.Runner" name="test2" time="17.433"/>
  <system-out/>
  <testcase classname="com.mindtree.runner.Runner" name="test3" time="13.088"/>
  <system-out/>
  <testcase classname="com.mindtree.runner.Runner" name="test4" time="13.057"/>
  <system-out/>
  <testcase classname="com.mindtree.runner.Runner" name="test5" time="22.385"/>
  <system-out/>
  <testcase classname="com.mindtree.runner.Runner" name="test6" time="15.076"/>
  <system-out/>
  <testcase classname="com.mindtree.runner.Runner" name="test7" time="20.763"/>
  <system-out/>
  <testcase classname="com.mindtree.runner.Runner" name="test8" time="34.598"/>
  <system-out/>
  <testcase classname="com.mindtree.runner.Runner" name="test9" time="13.194"/>
  <system-out/>
  <testcase classname="com.mindtree.runner.Runner" name="test10" time="14.697"/>
  <system-out/>
</testsuite> <!-- com.mindtree.runner.Runner -->
